SF:lib/data/datasources/remote_data_source.dart
DA:12,1
DA:20,1
DA:22,2
DA:23,1
DA:24,1
DA:25,1
DA:26,1
DA:27,2
DA:28,1
DA:29,1
DA:30,2
DA:33,1
DA:34,2
LF:13
LH:13
end_of_record
SF:lib/data/helpers/exceptions.dart
DA:5,4
DA:9,8
DA:13,2
DA:17,2
LF:4
LH:4
end_of_record
SF:lib/domain/entities/funda_data.dart
DA:16,8
DA:25,8
DA:45,8
DA:55,8
DA:64,8
LF:5
LH:5
end_of_record
SF:lib/domain/entities/funda_data.g.dart
DA:9,8
DA:10,8
DA:11,4
DA:12,12
DA:13,4
DA:14,8
DA:15,4
DA:18,0
DA:19,0
DA:20,0
DA:21,0
DA:22,0
DA:23,0
DA:26,8
DA:27,4
DA:30,0
DA:31,0
DA:32,0
DA:35,4
DA:36,4
DA:37,4
DA:38,4
DA:39,4
DA:40,4
DA:41,4
DA:42,4
DA:43,4
DA:44,4
DA:45,8
DA:47,8
DA:48,4
DA:49,4
DA:52,0
DA:53,0
DA:54,0
DA:55,0
DA:56,0
DA:57,0
DA:58,0
DA:59,0
DA:60,0
DA:61,0
DA:62,0
DA:64,0
DA:65,0
DA:66,0
DA:69,8
DA:70,4
DA:71,4
DA:74,0
DA:75,0
DA:76,0
DA:79,8
DA:80,4
DA:83,0
DA:84,0
LF:56
LH:28
end_of_record
SF:lib/domain/entities/property.dart
DA:26,4
DA:35,4
LF:2
LH:2
end_of_record
SF:lib/domain/entities/property.g.dart
DA:9,4
DA:10,2
DA:11,2
DA:12,2
DA:13,2
DA:14,2
DA:15,2
DA:16,2
DA:17,2
DA:18,2
DA:19,2
DA:20,2
DA:22,4
DA:23,2
DA:24,2
DA:25,2
DA:28,1
DA:29,1
DA:30,1
DA:31,1
DA:32,1
DA:33,1
DA:34,1
DA:35,1
DA:36,1
DA:37,1
DA:38,1
DA:39,1
DA:40,1
DA:41,1
DA:42,1
DA:43,1
DA:44,1
DA:47,2
DA:48,2
DA:49,2
DA:52,1
DA:53,1
DA:54,1
LF:39
LH:39
end_of_record
SF:lib/data/helpers/failure.dart
DA:3,6
DA:7,6
DA:11,4
DA:14,0
LF:4
LH:3
end_of_record
SF:lib/data/helpers/rest_client.dart
DA:9,1
DA:22,1
DA:27,1
DA:28,0
DA:31,2
DA:32,2
DA:36,4
DA:39,3
DA:41,1
DA:42,1
DA:43,1
DA:44,1
LF:12
LH:11
end_of_record
SF:lib/domain/usecases/get_funda_data.dart
DA:10,1
DA:12,1
DA:13,2
LF:3
LH:3
end_of_record
SF:lib/domain/usecases/get_property_details.dart
DA:10,1
DA:12,1
DA:13,2
LF:3
LH:3
end_of_record
SF:lib/data/helpers/datetime_serializer.dart
DA:4,33
DA:6,4
DA:8,4
DA:9,4
DA:11,8
DA:13,4
DA:16,0
DA:17,0
LF:8
LH:6
end_of_record
SF:lib/data/repositories/property_repository_impl.dart
DA:16,1
DA:20,1
DA:23,2
DA:24,2
DA:25,2
DA:26,3
DA:27,1
DA:28,1
DA:30,1
DA:33,0
DA:34,0
LF:11
LH:9
end_of_record
SF:lib/data/repositories/funda_data_repository_impl.dart
DA:16,1
DA:20,1
DA:23,1
DA:24,2
DA:25,1
DA:26,2
DA:27,2
DA:28,1
DA:29,1
DA:30,1
DA:32,1
DA:35,0
DA:36,0
LF:13
LH:11
end_of_record
SF:lib/presentation/bloc/property/property_cubit.dart
DA:10,2
DA:16,1
DA:17,2
DA:18,1
DA:19,1
DA:21,3
DA:23,1
DA:24,2
DA:29,0
DA:30,0
LF:10
LH:8
end_of_record
SF:lib/presentation/pages/property_page.dart
DA:17,1
DA:20,1
DA:22,1
DA:23,1
DA:29,1
DA:31,1
DA:32,6
DA:35,1
DA:37,2
DA:40,1
DA:41,0
DA:42,0
DA:45,1
DA:46,1
DA:48,1
DA:49,4
DA:53,1
DA:55,1
DA:56,1
DA:58,1
DA:60,1
DA:61,1
DA:62,4
DA:63,1
DA:65,1
DA:67,4
DA:71,1
DA:76,1
DA:77,3
DA:78,3
DA:81,1
DA:83,1
DA:84,6
DA:85,4
DA:88,1
DA:89,1
DA:90,2
DA:92,1
DA:94,1
DA:95,1
DA:97,1
DA:98,1
DA:99,4
DA:102,1
DA:104,1
DA:106,4
DA:109,2
DA:110,2
DA:111,2
DA:112,3
DA:113,2
DA:114,2
DA:115,2
DA:116,3
DA:117,3
DA:118,3
DA:119,1
DA:121,1
DA:123,4
DA:126,3
DA:127,1
DA:128,3
DA:133,2
DA:135,1
DA:137,1
DA:140,1
DA:142,1
DA:143,0
DA:145,0
DA:146,0
LF:70
LH:65
end_of_record
SF:lib/presentation/widgets/info_row.dart
DA:5,1
DA:14,1
DA:16,1
DA:18,2
DA:19,1
DA:21,5
DA:23,1
DA:25,2
LF:8
LH:8
end_of_record
SF:lib/presentation/widgets/loading.dart
DA:6,6
DA:13,2
DA:15,2
DA:17,2
DA:20,2
DA:22,4
LF:6
LH:6
end_of_record
SF:lib/presentation/bloc/funda_data/funda_data_cubit.dart
DA:13,2
DA:18,1
DA:19,4
DA:20,1
DA:21,1
DA:23,3
DA:25,1
DA:26,2
DA:27,3
DA:28,4
DA:36,1
DA:37,2
DA:38,1
DA:39,1
DA:40,1
LF:15
LH:15
end_of_record
SF:lib/presentation/pages/funda_data_page.dart
DA:15,1
DA:17,1
DA:18,1
DA:23,2
DA:26,1
DA:28,1
DA:29,2
DA:30,3
DA:31,2
DA:32,0
DA:33,0
DA:38,1
DA:40,1
DA:41,2
DA:42,2
DA:45,1
DA:47,1
DA:48,1
DA:55,1
DA:57,1
DA:58,1
DA:59,1
DA:64,1
DA:65,1
DA:66,2
DA:73,1
DA:75,1
DA:76,1
DA:77,1
DA:78,1
DA:79,1
DA:80,1
DA:81,1
DA:82,1
DA:83,1
DA:85,1
DA:86,1
DA:87,1
DA:88,1
DA:89,1
DA:90,2
DA:91,0
DA:92,0
DA:94,0
DA:95,0
DA:101,1
DA:102,1
DA:103,2
DA:104,1
DA:107,2
DA:110,1
DA:111,1
DA:112,2
DA:113,2
DA:114,3
DA:123,2
DA:125,1
DA:128,1
DA:130,1
DA:131,0
DA:132,0
DA:133,0
DA:140,0
LF:63
LH:53
end_of_record
SF:lib/presentation/widgets/property_overview.dart
DA:7,1
DA:24,1
DA:26,1
DA:27,1
DA:29,1
DA:31,1
DA:32,1
DA:34,1
DA:36,1
DA:39,1
DA:40,1
DA:42,1
DA:43,1
DA:44,1
DA:45,1
DA:46,1
DA:47,1
DA:59,1
DA:73,1
DA:75,1
DA:77,1
DA:78,1
DA:80,1
DA:82,1
DA:83,1
DA:84,1
DA:91,1
DA:92,1
DA:100,1
DA:101,1
DA:112,1
DA:114,1
DA:117,1
DA:118,1
DA:119,3
DA:126,5
LF:36
LH:36
end_of_record
